[    0.000000] Initializing cgroup subsys cpuset
[    0.000000] Initializing cgroup subsys cpu
[    0.000000] Initializing cgroup subsys cpuacct
[    0.000000] Linux version 4.4.0-142-generic (buildd@lgw01-amd64-033) (gcc version 5.4.0 20160609 (Ubuntu 5.4.0-6ubuntu1~16.04.10) ) #168-Ubuntu SMP Wed Jan 16 21:00:45 UTC 2019 (Ubuntu 4.4.0-142.168-generic 4.4.167)
[    0.000000] Command line: BOOT_IMAGE=/boot/vmlinuz-4.4.0-142-generic root=LABEL=cloudimg-rootfs ro console=tty1 console=ttyS0
[    0.000000] KERNEL supported cpus:
[    0.000000]   Intel GenuineIntel
[    0.000000]   AMD AuthenticAMD
[    0.000000]   Centaur CentaurHauls
[    0.000000] x86/fpu: xstate_offset[2]:  576, xstate_sizes[2]:  256
[    0.000000] x86/fpu: Supporting XSAVE feature 0x01: 'x87 floating point registers'
[    0.000000] x86/fpu: Supporting XSAVE feature 0x02: 'SSE registers'
[    0.000000] x86/fpu: Supporting XSAVE feature 0x04: 'AVX registers'
[    0.000000] x86/fpu: Enabled xstate features 0x7, context size is 832 bytes, using 'standard' format.
[    0.000000] e820: BIOS-provided physical RAM map:
[    0.000000] BIOS-e820: [mem 0x0000000000000000-0x000000000009fbff] usable
[    0.000000] BIOS-e820: [mem 0x000000000009fc00-0x000000000009ffff] reserved
[    0.000000] BIOS-e820: [mem 0x00000000000f0000-0x00000000000fffff] reserved
[    0.000000] BIOS-e820: [mem 0x0000000000100000-0x000000003ffeffff] usable
[    0.000000] BIOS-e820: [mem 0x000000003fff0000-0x000000003fffffff] ACPI data
[    0.000000] BIOS-e820: [mem 0x00000000fec00000-0x00000000fec00fff] reserved
[    0.000000] BIOS-e820: [mem 0x00000000fee00000-0x00000000fee00fff] reserved
[    0.000000] BIOS-e820: [mem 0x00000000fffc0000-0x00000000ffffffff] reserved
[    0.000000] NX (Execute Disable) protection: active
[    0.000000] SMBIOS 2.5 present.
[    0.000000] Hypervisor detected: KVM
[    0.000000] e820: last_pfn = 0x3fff0 max_arch_pfn = 0x400000000
[    0.000000] MTRR: Disabled
[    0.000000] x86/PAT: MTRRs disabled, skipping PAT initialization too.
[    0.000000] CPU MTRRs all blank - virtualized system.
[    0.000000] x86/PAT: Configuration [0-7]: WB  WT  UC- UC  WB  WT  UC- UC  
[    0.000000] found SMP MP-table at [mem 0x0009fff0-0x0009ffff] mapped at [ffff88000009fff0]
[    0.000000] Scanning 1 areas for low memory corruption
[    0.000000] RAMDISK: [mem 0x36308000-0x3717bfff]
[    0.000000] ACPI: Early table checksum verification disabled
[    0.000000] ACPI: RSDP 0x00000000000E0000 000024 (v02 VBOX  )
[    0.000000] ACPI: XSDT 0x000000003FFF0030 00003C (v01 VBOX   VBOXXSDT 00000001 ASL  00000061)
[    0.000000] ACPI: FACP 0x000000003FFF00F0 0000F4 (v04 VBOX   VBOXFACP 00000001 ASL  00000061)
[    0.000000] ACPI: DSDT 0x000000003FFF0470 0021FF (v02 VBOX   VBOXBIOS 00000002 INTL 20180105)
[    0.000000] ACPI: FACS 0x000000003FFF0200 000040
[    0.000000] ACPI: FACS 0x000000003FFF0200 000040
[    0.000000] ACPI: APIC 0x000000003FFF0240 00005C (v02 VBOX   VBOXAPIC 00000001 ASL  00000061)
[    0.000000] ACPI: SSDT 0x000000003FFF02A0 0001CC (v01 VBOX   VBOXCPUT 00000002 INTL 20180105)
[    0.000000] No NUMA configuration found
[    0.000000] Faking a node at [mem 0x0000000000000000-0x000000003ffeffff]
[    0.000000] NODE_DATA(0) allocated [mem 0x3ffeb000-0x3ffeffff]
[    0.000000] kvm-clock: Using msrs 4b564d01 and 4b564d00
[    0.000000] kvm-clock: cpu 0, msr 0:3ffe3001, primary cpu clock
[    0.000000] kvm-clock: using sched offset of 3506049826 cycles
[    0.000000] clocksource: kvm-clock: mask: 0xffffffffffffffff max_cycles: 0x1cd42e4dffb, max_idle_ns: 881590591483 ns
[    0.000000] Zone ranges:
[    0.000000]   DMA      [mem 0x0000000000001000-0x0000000000ffffff]
[    0.000000]   DMA32    [mem 0x0000000001000000-0x000000003ffeffff]
[    0.000000]   Normal   empty
[    0.000000]   Device   empty
[    0.000000] Movable zone start for each node
[    0.000000] Early memory node ranges
[    0.000000]   node   0: [mem 0x0000000000001000-0x000000000009efff]
[    0.000000]   node   0: [mem 0x0000000000100000-0x000000003ffeffff]
[    0.000000] Initmem setup node 0 [mem 0x0000000000001000-0x000000003ffeffff]
[    0.000000] ACPI: PM-Timer IO Port: 0x4008
[    0.000000] IOAPIC[0]: apic_id 2, version 32, address 0xfec00000, GSI 0-23
[    0.000000] ACPI: INT_SRC_OVR (bus 0 bus_irq 0 global_irq 2 dfl dfl)
[    0.000000] ACPI: INT_SRC_OVR (bus 0 bus_irq 9 global_irq 9 low level)
[    0.000000] Using ACPI (MADT) for SMP configuration information
[    0.000000] smpboot: Allowing 2 CPUs, 0 hotplug CPUs
[    0.000000] PM: Registered nosave memory: [mem 0x00000000-0x00000fff]
[    0.000000] PM: Registered nosave memory: [mem 0x0009f000-0x0009ffff]
[    0.000000] PM: Registered nosave memory: [mem 0x000a0000-0x000effff]
[    0.000000] PM: Registered nosave memory: [mem 0x000f0000-0x000fffff]
[    0.000000] e820: [mem 0x40000000-0xfebfffff] available for PCI devices
[    0.000000] Booting paravirtualized kernel on KVM
[    0.000000] clocksource: refined-jiffies: mask: 0xffffffff max_cycles: 0xffffffff, max_idle_ns: 7645519600211568 ns
[    0.000000] setup_percpu: NR_CPUS:512 nr_cpumask_bits:512 nr_cpu_ids:2 nr_node_ids:1
[    0.000000] PERCPU: Embedded 34 pages/cpu @ffff88003fc00000 s99480 r8192 d31592 u1048576
[    0.000000] Built 1 zonelists in Node order, mobility grouping on.  Total pages: 257912
[    0.000000] Policy zone: DMA32
[    0.000000] Kernel command line: BOOT_IMAGE=/boot/vmlinuz-4.4.0-142-generic root=LABEL=cloudimg-rootfs ro console=tty1 console=ttyS0
[    0.000000] PID hash table entries: 4096 (order: 3, 32768 bytes)
[    0.000000] Memory: 997732K/1048120K available (8603K kernel code, 1332K rwdata, 4004K rodata, 1484K init, 1316K bss, 50388K reserved, 0K cma-reserved)
[    0.000000] SLUB: HWalign=64, Order=0-3, MinObjects=0, CPUs=2, Nodes=1
[    0.000000] Kernel/User page tables isolation: enabled
[    0.000000] Hierarchical RCU implementation.
[    0.000000] 	Build-time adjustment of leaf fanout to 64.
[    0.000000] 	RCU restricting CPUs from NR_CPUS=512 to nr_cpu_ids=2.
[    0.000000] RCU: Adjusting geometry for rcu_fanout_leaf=64, nr_cpu_ids=2
[    0.000000] NR_IRQS:33024 nr_irqs:440 16
[    0.000000] Console: colour VGA+ 80x25
[    0.000000] console [tty1] enabled
[    0.000000] console [ttyS0] enabled
[    0.000000] tsc: Detected 3092.980 MHz processor
[    0.158424] Calibrating delay loop (skipped) preset value.. 6185.96 BogoMIPS (lpj=12371920)
[    0.160117] pid_max: default: 32768 minimum: 301
[    0.161023] ACPI: Core revision 20150930
[    0.162785] ACPI: 2 ACPI AML tables successfully acquired and loaded
[    0.164081] Security Framework initialized
[    0.164959] Yama: becoming mindful.
[    0.165954] AppArmor: AppArmor initialized
[    0.166930] Dentry cache hash table entries: 131072 (order: 8, 1048576 bytes)
[    0.168913] Inode-cache hash table entries: 65536 (order: 7, 524288 bytes)
[    0.170293] Mount-cache hash table entries: 2048 (order: 2, 16384 bytes)
[    0.171489] Mountpoint-cache hash table entries: 2048 (order: 2, 16384 bytes)
[    0.172893] Initializing cgroup subsys io
[    0.173714] Initializing cgroup subsys memory
[    0.174607] Initializing cgroup subsys devices
[    0.175483] Initializing cgroup subsys freezer
[    0.176385] Initializing cgroup subsys net_cls
[    0.182567] Initializing cgroup subsys perf_event
[    0.194037] Initializing cgroup subsys net_prio
[    0.194939] Initializing cgroup subsys hugetlb
[    0.195817] Initializing cgroup subsys pids
[    0.196747] mce: CPU supports 0 MCE banks
[    0.197618] Last level iTLB entries: 4KB 512, 2MB 8, 4MB 8
[    0.198643] Last level dTLB entries: 4KB 512, 2MB 32, 4MB 32, 1GB 0
[    0.199860] Spectre V2 : Mitigation: Full generic retpoline
[    0.200913] Spectre V2 : Spectre v2 / SpectreRSB mitigation: Filling RSB on context switch
[    0.202507] Speculative Store Bypass: Vulnerable
[    0.206067] Freeing SMP alternatives memory: 32K
[    0.212436] ftrace: allocating 32277 entries in 127 pages
[    0.274169] smpboot: APIC(0) Converting physical 0 to logical package 0
[    0.275820] smpboot: Max logical packages: 1
[    0.355346] x2apic enabled
[    0.436471] Switched APIC routing to physical x2apic.
[    0.534445] ..TIMER: vector=0x30 apic1=0 pin1=2 apic2=-1 pin2=-1
[    0.641141] smpboot: CPU0: Intel(R) Core(TM) i3-2100 CPU @ 3.10GHz (family: 0x6, model: 0x2a, stepping: 0x7)
[    0.859117] Performance Events: unsupported p6 CPU model 42 no PMU driver, software events only.
[    0.870868] KVM setup paravirtual spinlock
[    0.988481] x86: Booting SMP configuration:
[    1.041536] .... node  #0, CPUs:      #1
[    1.042559] kvm-clock: cpu 1, msr 0:3ffe3041, secondary cpu clock
[    1.064903] mce: CPU supports 0 MCE banks
[    1.087327] x86: Booted up 1 node, 2 CPUs
[    1.097600] smpboot: Total of 2 processors activated (12371.92 BogoMIPS)
[    1.109100] devtmpfs: initialized
[    1.113557] evm: security.selinux
[    1.114752] evm: security.SMACK64
[    1.116968] evm: security.SMACK64EXEC
[    1.117736] evm: security.SMACK64TRANSMUTE
[    1.118560] evm: security.SMACK64MMAP
[    1.119323] evm: security.ima
[    1.120013] evm: security.capability
[    1.121084] clocksource: jiffies: mask: 0xffffffff max_cycles: 0xffffffff, max_idle_ns: 7645041785100000 ns
[    1.135689] futex hash table entries: 512 (order: 3, 32768 bytes)
[    1.137324] pinctrl core: initialized pinctrl subsystem
[    1.138446] RTC time:  9:37:19, date: 07/08/19
[    1.139483] NET: Registered protocol family 16
[    1.149408] cpuidle: using governor ladder
[    1.169530] cpuidle: using governor menu
[    1.181214] PCCT header not found.
[    1.182334] ACPI: bus type PCI registered
[    1.183523] acpiphp: ACPI Hot Plug PCI Controller Driver version: 0.5
[    1.185099] PCI: Using configuration type 1 for base access
[    1.198284] ACPI: Added _OSI(Module Device)
[    1.199146] ACPI: Added _OSI(Processor Device)
[    1.200012] ACPI: Added _OSI(3.0 _SCP Extensions)
[    1.201028] ACPI: Added _OSI(Processor Aggregator Device)
[    1.203351] ACPI: Executed 1 blocks of module-level executable AML code
[    1.207719] ACPI: Interpreter enabled
[    1.221562] ACPI: (supports S0 S5)
[    1.222290] ACPI: Using IOAPIC for interrupt routing
[    1.223378] PCI: Using host bridge windows from ACPI; if necessary, use "pci=nocrs" and report a bug
[    1.228602] ACPI: PCI Root Bridge [PCI0] (domain 0000 [bus 00-ff])
[    1.229766] acpi PNP0A03:00: _OSC: OS supports [ASPM ClockPM Segments MSI]
[    1.230990] acpi PNP0A03:00: _OSC: not requesting OS control; OS requires [ExtendedConfig ASPM ClockPM MSI]
[    1.232794] acpi PNP0A03:00: fail to add MMCONFIG information, can't access extended PCI configuration space under this bridge.
[    1.235143] PCI host bridge to bus 0000:00
[    1.235969] pci_bus 0000:00: root bus resource [io  0x0000-0x0cf7 window]
[    1.237583] pci_bus 0000:00: root bus resource [io  0x0d00-0xffff window]
[    1.239200] pci_bus 0000:00: root bus resource [mem 0x000a0000-0x000bffff window]
[    1.241146] pci_bus 0000:00: root bus resource [mem 0x40000000-0xfdffffff window]
[    1.248367] pci_bus 0000:00: root bus resource [bus 00-ff]
[    1.251478] pci 0000:00:01.1: legacy IDE quirk: reg 0x10: [io  0x01f0-0x01f7]
[    1.253181] pci 0000:00:01.1: legacy IDE quirk: reg 0x14: [io  0x03f6]
[    1.254728] pci 0000:00:01.1: legacy IDE quirk: reg 0x18: [io  0x0170-0x0177]
[    1.256404] pci 0000:00:01.1: legacy IDE quirk: reg 0x1c: [io  0x0376]
[    1.279229] pci 0000:00:07.0: quirk: [io  0x4000-0x403f] claimed by PIIX4 ACPI
[    1.282344] pci 0000:00:07.0: quirk: [io  0x4100-0x410f] claimed by PIIX4 SMB
[    1.310450] ACPI: PCI Interrupt Link [LNKA] (IRQs 5 9 10 *11)
[    1.318677] ACPI: PCI Interrupt Link [LNKB] (IRQs 5 9 *10 11)
[    1.320298] ACPI: PCI Interrupt Link [LNKC] (IRQs 5 *9 10 11)
[    1.321943] ACPI: PCI Interrupt Link [LNKD] (IRQs 5 9 10 *11)
[    1.323585] ACPI: Enabled 2 GPEs in block 00 to 07
[    1.325110] vgaarb: setting as boot device: PCI:0000:00:02.0
[    1.326231] vgaarb: device added: PCI:0000:00:02.0,decodes=io+mem,owns=io+mem,locks=none
[    1.328369] vgaarb: loaded
[    1.329208] vgaarb: bridge control possible 0000:00:02.0
[    1.330785] SCSI subsystem initialized
[    1.331932] ACPI: bus type USB registered
[    1.333031] usbcore: registered new interface driver usbfs
[    1.334400] usbcore: registered new interface driver hub
[    1.335707] usbcore: registered new device driver usb
[    1.337863] PCI: Using ACPI for IRQ routing
[    1.339368] NetLabel: Initializing
[    1.340311] NetLabel:  domain hash size = 128
[    1.341488] NetLabel:  protocols = UNLABELED CIPSOv4
[    1.342752] NetLabel:  unlabeled traffic allowed by default
[    1.344300] amd_nb: Cannot enumerate AMD northbridges
[    1.345657] clocksource: Switched to clocksource kvm-clock
[    1.353564] AppArmor: AppArmor Filesystem Enabled
[    1.354927] pnp: PnP ACPI init
[    1.356648] pnp: PnP ACPI: found 3 devices
[    1.367457] clocksource: acpi_pm: mask: 0xffffff max_cycles: 0xffffff, max_idle_ns: 2085701024 ns
[    1.369761] NET: Registered protocol family 2
[    1.371086] TCP established hash table entries: 8192 (order: 4, 65536 bytes)
[    1.372754] TCP bind hash table entries: 8192 (order: 5, 131072 bytes)
[    1.374351] TCP: Hash tables configured (established 8192 bind 8192)
[    1.375894] UDP hash table entries: 512 (order: 2, 16384 bytes)
[    1.377341] UDP-Lite hash table entries: 512 (order: 2, 16384 bytes)
[    1.378925] NET: Registered protocol family 1
[    1.380064] pci 0000:00:00.0: Limiting direct PCI/PCI transfers
[    1.381513] pci 0000:00:01.0: Activating ISA DMA hang workarounds
[    1.383133] Unpacking initramfs...
[    1.593823] Freeing initrd memory: 14800K
[    1.594879] RAPL PMU detected, API unit is 2^-32 Joules, 3 fixed counters 10737418240 ms ovfl timer
[    1.596593] hw unit of domain pp0-core 2^-0 Joules
[    1.597537] hw unit of domain package 2^-0 Joules
[    1.598530] hw unit of domain pp1-gpu 2^-0 Joules
[    1.599517] platform rtc_cmos: registered platform RTC device (no PNP device found)
[    1.601077] Scanning for low memory corruption every 60 seconds
[    1.602577] audit: initializing netlink subsys (disabled)
[    1.603602] audit: type=2000 audit(1562578643.897:1): initialized
[    1.604976] Initialise system trusted keyring
[    1.606079] HugeTLB registered 2 MB page size, pre-allocated 0 pages
[    1.608567] zbud: loaded
[    1.609540] VFS: Disk quotas dquot_6.6.0
[    1.610426] VFS: Dquot-cache hash table entries: 512 (order 0, 4096 bytes)
[    1.611883] squashfs: version 4.0 (2009/01/31) Phillip Lougher
[    1.613238] fuse init (API version 7.23)
[    1.614335] Key type big_key registered
[    1.615147] Allocating IMA MOK and blacklist keyrings.
[    1.617466] Key type asymmetric registered
[    1.618371] Asymmetric key parser 'x509' registered
[    1.619366] Block layer SCSI generic (bsg) driver version 0.4 loaded (major 249)
[    1.620930] io scheduler noop registered
[    1.621783] io scheduler deadline registered (default)
[    1.622854] io scheduler cfq registered
[    1.623742] pci_hotplug: PCI Hot Plug PCI Core version: 0.5
[    1.624782] pciehp: PCI Express Hot Plug Controller Driver version: 0.4
[    1.626143] ACPI: AC Adapter [AC] (on-line)
[    1.627045] input: Power Button as /devices/LNXSYSTM:00/LNXPWRBN:00/input/input0
[    1.628533] ACPI: Power Button [PWRF]
[    1.629379] input: Sleep Button as /devices/LNXSYSTM:00/LNXSLPBN:00/input/input1
[    1.630901] ACPI: Sleep Button [SLPF]
[    1.631855] GHES: HEST is not enabled!
[    1.632748] Serial: 8250/16550 driver, 32 ports, IRQ sharing enabled
[    1.656234] 00:02: ttyS0 at I/O 0x3f8 (irq = 4, base_baud = 115200) is a 16550A
[    1.711291] Linux agpgart interface v0.103
[    1.713980] loop: module loaded
[    1.715342] scsi host0: ata_piix
[    1.716245] scsi host1: ata_piix
[    1.717011] ata1: PATA max UDMA/33 cmd 0x1f0 ctl 0x3f6 bmdma 0xd000 irq 14
[    1.718259] ata2: PATA max UDMA/33 cmd 0x170 ctl 0x376 bmdma 0xd008 irq 15
[    1.719831] libphy: Fixed MDIO Bus: probed
[    1.720667] tun: Universal TUN/TAP device driver, 1.6
[    1.721694] tun: (C) 1999-2004 Max Krasnyansky <maxk@qualcomm.com>
[    1.723016] PPP generic driver version 2.4.2
[    1.723928] ehci_hcd: USB 2.0 'Enhanced' Host Controller (EHCI) Driver
[    1.725106] ehci-pci: EHCI PCI platform driver
[    1.725988] ehci-platform: EHCI generic platform driver
[    1.727066] ohci_hcd: USB 1.1 'Open' Host Controller (OHCI) Driver
[    1.728181] ohci-pci: OHCI PCI platform driver
[    1.729104] ohci-platform: OHCI generic platform driver
[    1.730109] uhci_hcd: USB Universal Host Controller Interface driver
[    1.731311] i8042: PNP: PS/2 Controller [PNP0303:PS2K,PNP0f03:PS2M] at 0x60,0x64 irq 1,12
[    1.733385] serio: i8042 KBD port at 0x60,0x64 irq 1
[    1.734366] serio: i8042 AUX port at 0x60,0x64 irq 12
[    1.735436] mousedev: PS/2 mouse device common for all mice
[    1.737093] input: AT Translated Set 2 keyboard as /devices/platform/i8042/serio0/input/input2
[    1.738948] rtc_cmos rtc_cmos: rtc core: registered rtc_cmos as rtc0
[    1.740180] rtc_cmos rtc_cmos: alarms up to one day, 114 bytes nvram
[    1.741366] i2c /dev entries driver
[    1.742378] device-mapper: uevent: version 1.0.3
[    1.743746] device-mapper: ioctl: 4.34.0-ioctl (2015-10-28) initialised: dm-devel@redhat.com
[    1.746111] ledtrig-cpu: registered to indicate activity on CPUs
[    1.748390] NET: Registered protocol family 10
[    1.749941] NET: Registered protocol family 17
[    1.751145] Key type dns_resolver registered
[    1.752861] registered taskstats version 1
[    1.753737] Loading compiled-in X.509 certificates
[    1.755412] Loaded X.509 cert 'Build time autogenerated kernel key: bff73e56bc0efa7435b2a24f5427674623f1be80'
[    1.757280] zswap: loaded using pool lzo/zbud
[    1.760405] Key type trusted registered
[    1.765043] Key type encrypted registered
[    1.765916] AppArmor: AppArmor sha1 policy hashing enabled
[    1.766959] ima: No TPM chip found, activating TPM-bypass!
[    1.767980] ima: Allocated hash algorithm: sha1
[    1.768979] evm: HMAC attrs: 0x1
[    1.770086]   Magic number: 11:141:626
[    1.770969] rtc_cmos rtc_cmos: setting system clock to 2019-07-08 09:37:20 UTC (1562578640)
[    1.772739] BIOS EDD facility v0.16 2004-Jun-25, 0 devices found
[    1.773882] EDD information not available.
[    1.876125] Freeing unused kernel memory: 1484K
[    1.878004] Write protecting the kernel read-only data: 14336k
[    1.881062] Freeing unused kernel memory: 1624K
[    1.883286] Freeing unused kernel memory: 92K
Loading, please wait...
starting version[    1.909963] random: systemd-udevd: uninitialized urandom read (16 bytes read, 2 bits of entropy available)
 229
[    1.910892] random: udevadm: uninitialized urandom read (16 bytes read, 2 bits of entropy available)
[    1.910928] random: udevadm: uninitialized urandom read (16 bytes read, 2 bits of entropy available)
[    1.926706] random: udevadm: uninitialized urandom read (16 bytes read, 2 bits of entropy available)
[    1.926770] random: udevadm: uninitialized urandom read (16 bytes read, 2 bits of entropy available)
[    1.926989] random: udevadm: uninitialized urandom read (16 bytes read, 2 bits of entropy available)
[    1.927074] random: udevadm: uninitialized urandom read (16 bytes read, 2 bits of entropy available)
[    1.927162] random: udevadm: uninitialized urandom read (16 bytes read, 2 bits of entropy available)
[    1.927250] random: udevadm: uninitialized urandom read (16 bytes read, 2 bits of entropy available)
[    1.927334] random: udevadm: uninitialized urandom read (16 bytes read, 2 bits of entropy available)
[    2.014829] Fusion MPT base driver 3.04.20
[    2.019683] Copyright (c) 1999-2008 LSI Corporation
[    2.022215] e1000: Intel(R) PRO/1000 Network Driver - version 7.3.21-k8-NAPI
[    2.023507] e1000: Copyright (c) 1999-2006 Intel Corporation.
[    2.036480] Fusion MPT SPI Host driver 3.04.20
[    2.250461] input: ImExPS/2 Generic Explorer Mouse as /devices/platform/i8042/serio1/input/input4
[    2.509625] e1000 0000:00:03.0 eth0: (PCI:33MHz:32-bit) 02:d2:eb:b6:4d:8b
[    2.597770] tsc: Refined TSC clocksource calibration: 3093.641 MHz
[    2.597772] clocksource: tsc: mask: 0xffffffffffffffff max_cycles: 0x2c97d04ca75, max_idle_ns: 440795251491 ns
[    2.603982] e1000 0000:00:03.0 eth0: Intel(R) PRO/1000 Network Connection
[    3.509671] e1000 0000:00:08.0 eth1: (PCI:33MHz:32-bit) 08:00:27:6b:9d:d8
[    3.511384] e1000 0000:00:08.0 eth1: Intel(R) PRO/1000 Network Connection
[    3.534429] mptbase: ioc0: Initiating bringup
[    3.535136] e1000 0000:00:08.0 enp0s8: renamed from eth1
[    3.546266] e1000 0000:00:03.0 enp0s3: renamed from eth0
[    3.610077] ioc0: LSI53C1030 A0: Capabilities={Initiator}
[    3.773049] scsi host2: ioc0: LSI53C1030 A0, FwRev=00000000h, Ports=1, MaxQ=256, IRQ=20
[    3.886791] scsi 2:0:0:0: Direct-Access     VBOX     HARDDISK         1.0  PQ: 0 ANSI: 5
[    4.501252] scsi target2:0:0: Beginning Domain Validation
[    4.503243] scsi target2:0:0: Domain Validation skipping write tests
[    4.504390] scsi target2:0:0: Ending Domain Validation
[    4.506560] scsi target2:0:0: asynchronous
[    4.507792] scsi 2:0:1:0: Direct-Access     VBOX     HARDDISK         1.0  PQ: 0 ANSI: 5
[    4.509392] scsi target2:0:1: Beginning Domain Validation
[    4.520647] scsi target2:0:1: Domain Validation skipping write tests
[    4.521851] scsi target2:0:1: Ending Domain Validation
[    4.522871] scsi target2:0:1: asynchronous
[    4.529464] sd 2:0:0:0: [sda] 20971520 512-byte logical blocks: (10.7 GB/10.0 GiB)
[    4.531235] sd 2:0:0:0: [sda] Write Protect is off
[    4.532261] sd 2:0:0:0: [sda] Incomplete mode parameter data
[    4.533493] sd 2:0:0:0: [sda] Assuming drive cache: write through
[    4.535051] sd 2:0:0:0: Attached scsi generic sg0 type 0
[    4.536291] sd 2:0:1:0: Attached scsi generic sg1 type 0
[    4.536962] sd 2:0:1:0: [sdb] 20480 512-byte logical blocks: (10.5 MB/10.0 MiB)
[    4.537133] sd 2:0:1:0: [sdb] Write Protect is off
[    4.537253] sd 2:0:1:0: [sdb] Incomplete mode parameter data
[    4.537254] sd 2:0:1:0: [sdb] Assuming drive cache: write through
[    4.553775]  sda: sda1
[    4.554539] sd 2:0:0:0: [sda] Attached SCSI disk
[    4.574276] sd 2:0:1:0: [sdb] Attached SCSI disk
Begin: Loading essential drivers ... [    5.997652] md: linear personality registered for level -1
[    6.002886] md: multipath personality registered for level -4
[    6.033217] md: raid0 personality registered for level 0
[    6.039065] md: raid1 personality registered for level 1
[    6.116688] raid6: sse2x1   gen()  8407 MB/s
[    6.182259] raid6: sse2x1   xor()  6304 MB/s
[    6.258908] raid6: sse2x2   gen() 11495 MB/s
[    6.328900] raid6: sse2x2   xor()  7566 MB/s
[    6.618913] raid6: sse2x4   gen()  9644 MB/s
[    6.708892] raid6: sse2x4   xor()  9255 MB/s
[    6.721885] raid6: using algorithm sse2x2 gen() 11495 MB/s
[    6.722916] raid6: .... xor() 7566 MB/s, rmw enabled
[    6.723855] raid6: using ssse3x2 recovery algorithm
[    6.726060] xor: automatically using best checksumming function:
[    6.773946]    avx       : 42002.000 MB/sec
[    6.864427] async_tx: api initialized (async)
[    6.879697] md: raid6 personality registered for level 6
[    6.989232] md: raid5 personality registered for level 5
[    6.990310] md: raid4 personality registered for level 4
[    7.000070] md: raid10 personality registered for level 10
done.
Begin: Running /scripts/init-premount ... done.
Begin: Mounting root file system ... Begin: Running /scripts/local-top ... done.
Begin: Running /scripts/local-pr[    7.043052] Btrfs loaded
emount ... Scanning for Btrfs filesystems
done.
Warning: fsck not present, so skipping root file system
[    7.255250] EXT4-fs (sda1): mounted filesystem with ordered data mode. Opts: (null)
done.
Begin: Running /scripts/local-bottom ... done.
Begin: Running /scripts/init-bottom ... done.
[    7.957230] systemd[1]: systemd 229 running in system mode. (+PAM +AUDIT +SELINUX +IMA +APPARMOR +SMACK +SYSVINIT +UTMP +LIBCRYPTSETUP +GCRYPT +GNUTLS +ACL +XZ -LZ4 +SECCOMP +BLKID +ELFUTILS +KMOD -IDN)
[    7.964873] systemd[1]: Detected virtualization oracle.
[    7.967202] systemd[1]: Detected architecture x86-64.

Welcome to [1mUbuntu 16.04.6 LTS[0m!

[    7.988357] systemd[1]: Set hostname to <ubuntu>.
[    8.017958] systemd[1]: Initializing machine ID from random generator.
[    8.020156] systemd[1]: Installed transient /etc/machine-id file.
[    8.614145] random: nonblocking pool is initialized
[    8.909636] systemd[1]: Reached target System Time Synchronized.
[[0;32m  OK  [0m] Reached target System Time Synchronized.
[    8.922516] systemd[1]: Set up automount Arbitrary Executable File Formats File System Automount Point.
[[0;32m  OK  [0m] Set up automount Arbitrary Executab...ats File System Automount Point.
[    8.925885] systemd[1]: Listening on Journal Socket (/dev/log).
[[0;32m  OK  [0m] Listening on Journal Socket (/dev/log).
[    8.929739] systemd[1]: Listening on Syslog Socket.
[[0;32m  OK  [0m] Listening on Syslog Socket.
[    8.932659] systemd[1]: Listening on LVM2 metadata daemon socket.
[[0;32m  OK  [0m] Listening on LVM2 metadata daemon socket.
[    8.935466] systemd[1]: Listening on Device-mapper event daemon FIFOs.
[[0;32m  OK  [0m] Listening on Device-mapper event daemon FIFOs.
[    8.938548] systemd[1]: Listening on LVM2 poll daemon socket.
[[0;32m  OK  [0m] Listening on LVM2 poll daemon socket.
[    8.941217] systemd[1]: Listening on udev Kernel Socket.
[[0;32m  OK  [0m] Listening on udev Kernel Socket.
[    8.943750] systemd[1]: Started Forward Password Requests to Wall Directory Watch.
[[0;32m  OK  [0m] Started Forward Password Requests to Wall Directory Watch.
[    8.946936] systemd[1]: Reached target Swap.
[[0;32m  OK  [0m] Reached target Swap.
[    8.948990] systemd[1]: Started Trigger resolvconf update for networkd DNS.
[[0;32m  OK  [0m] Started Trigger resolvconf update for networkd DNS.
[    8.951829] systemd[1]: Listening on /dev/initctl Compatibility Named Pipe.
[[0;32m  OK  [0m] Listening on /dev/initctl Compatibility Named Pipe.
[    8.955006] systemd[1]: Created slice System Slice.
[[0;32m  OK  [0m] Created slice System Slice.
[    8.957511] systemd[1]: Created slice system-serial\x2dgetty.slice.
[[0;32m  OK  [0m] Created slice system-serial\x2dgetty.slice.
[    8.960198] systemd[1]: Listening on Journal Audit Socket.
[[0;32m  OK  [0m] Listening on Journal Audit Socket.
[    8.962537] systemd[1]: Reached target Encrypted Volumes.
[[0;32m  OK  [0m] Reached target Encrypted Volumes.
[    8.964867] systemd[1]: Listening on Journal Socket.
[[0;32m  OK  [0m] Listening on Journal Socket.
[    8.977975] systemd[1]: Starting Uncomplicated firewall...
         Starting Uncomplicated firewall...
[    8.990022] systemd[1]: Starting Create list of required static device nodes for the current kernel...
         Starting Create list of required st... nodes for the current kernel...
[    9.003209] systemd[1]: Starting Journal Service...
         Starting Journal Service...
[    9.012762] systemd[1]: Starting Remount Root and Kernel File Systems...
         Starting Remount Root and Kernel File Systems...
[    9.016881] systemd[1]: Starting Monitoring of LVM2 mirrors, snapshots etc. using dmeventd or progress polling...
         Starting Monitoring of LVM2 mirrors... dmeventd or progress polling...
[    9.021943] systemd[1]: Starting Nameserver information manager...
         Starting Nameserver information manager...
[    9.026890] systemd[1]: Starting Set console keymap...
         Starting Set console keymap...
[    9.072533] EXT4-fs (sda1): re-mounted. Opts: (null)
[    9.146111] systemd[1]: Starting Load Kernel Modules...
         Starting Load Kernel Modules...
[    9.204582] systemd[1]: Mounting Debug File System...
         Mounting Debug File System...
[    9.212881] systemd[1]: Created slice User and Session Slice.
[[0;32m  OK  [0m] Created slice User and Session Slice.
[    9.216036] systemd[1]: Reached target Slices.
[[0;32m  OK  [0m] Reached target Slices.
[    9.223667] systemd[1]: Reached target User and Group Name Lookups.
[[0;32m  OK  [0m] Reached target User and Group Name Lookups.
[    9.227656] systemd[1]: Mounting POSIX Message Queue File System...
         Mounting POSIX Message Queue File System...
[    9.230896] systemd[1]: Listening on udev Control Socket.
[[0;32m  OK  [0m] Listening on udev Control Socket.
[    9.235481] systemd[1]: Mounting Huge Pages File System...
         Mounting Huge Pages File System...
[    9.240941] systemd[1]: Mounted Debug File System.
[[0;32m  OK  [0m] Mounted Debug File System.
[    9.243978] systemd[1]: Mounted POSIX Message Queue File System.
[[0;32m  OK  [0m] Mounted POSIX Message Queue File System.
[    9.249850] systemd[1]: Mounted Huge Pages File System.
[[0;32m  OK  [0m] Mounted Huge Pages File System.
[    9.257320] systemd[1]: Started Uncomplicated firewall.
[[0;32m  OK  [0m] Started Uncomplicated firewall.
[    9.261744] systemd[1]: Started Create list of required static device nodes for the current kernel.
[[0;32m  OK  [0m] Started Create list of required sta...ce nodes for the current kernel.
[    9.283941] systemd[1]: Started Remount Root and Kernel File Systems.
[[0;32m  OK  [0m] Started Remount Root and Kernel File Systems.
[    9.299086] systemd[1]: Started Set console keymap.
[[0;32m  OK  [0m] Started Set console keymap.
[    9.350004] systemd[1]: Started Nameserver information manager.
[[0;32m  OK  [0m] Started Nameserver information manager.
[    9.362842] systemd[1]: Starting Load/Save Random Seed...
         Starting Load/Save Random Seed...
[    9.388475] Loading iSCSI transport class v2.0-870.
[    9.454126] systemd[1]: Starting udev Coldplug all Devices...
         Starting udev Coldplug all Devices...
[    9.461284] systemd[1]: Starting Create Static Device Nodes in /dev...
         Starting Create Static Device Nodes in /dev...
[    9.465311] systemd[1]: Started Journal Service.
[[0;32m  OK  [0m] Started Journal Service.
[[0;32m  OK  [0m] Started Load/Save Random Seed.
[    9.474512] iscsi: registered transport (tcp)
[[0;32m  OK  [0m] Started LVM2 metadata daemon.
         Starting Flush Journal to Persistent Storage...
[    9.571370] systemd-journald[356]: Received request to flush runtime journal from PID 1
[[0;32m  OK  [0m] Started udev Coldplug all Devices.
[[0;32m  OK  [0m] Started Flush Journal to Persistent Storage.
[[0;32m  OK  [[    9.736195] iscsi: registered transport (iser)
0m] Started Monitoring of LVM2 mirrors,...ng dmeventd or progress polling.
[[0;32m  OK  [0m] Started Load Kernel Modules.
         Mounting FUSE Control File System...
         Starting Apply Kernel Variables...
[[0;32m  OK  [0m] Mounted FUSE Control File System.
[[0;32m  OK  [0m] Started Create Static Device Nodes in /dev.
[[0;32m  OK  [0m] Reached target Local File Systems (Pre).
[[0;32m  OK  [0m] Reached target Local File Systems.
         Starting Tell Plymouth To Write Out Runtime Data...
         Starting Commit a transient machine-id on disk...
         Starting Set console font and keymap...
         Starting Initial cloud-init job (pre-networking)...
         Starting Create Volatile Files and Directories...
         Starting LSB: AppArmor initialization...
         Starting udev Kernel Device Manager...
[[0;32m  OK  [0m] Started Apply Kernel Variables.
[[0;32m  OK  [0m] Started Tell Plymouth To Write Out Runtime Data.
[[0;32m  OK  [0m] Started Commit a transient machine-id on disk.
[[0;32m  OK  [0m] Started Create Volatile Files and Directories.
         Starting Update UTMP about System Boot/Shutdown...
[[0;32m  OK  [0m] Started Update UTMP about System Boot/Shutdown.
[[0;32m  OK  [0m] Started udev Kernel Device Manager.
[[0;32m  OK  [0m] Started Dispatch Password Requests to Console Directory Watch.
[[0;32m  OK  [0m] Found device /dev/ttyS0.
[[0;32m  OK  [0m] Listening on Load/Save RF Kill Switch Status /dev/rfkill Watch.
[[0;32m  OK  [0m] Started LSB: AppArmor initialization.
[[0;32m  OK  [0m] Started Set console font and keymap.
[[0;32m  OK  [0m] Created slice system-getty.slice.
[   14.493149] cloud-init[439]: Cloud-init v. 18.5-21-g8ee294d5-0ubuntu1~16.04.1 running 'init-local' at Mon, 08 Jul 2019 09:37:33 +0000. Up 13.95 seconds.
[[0;32m  OK  [0m] Started Initial cloud-init job (pre-networking).
[[0;32m  OK  [0m] Reached target Network (Pre).
         Starting Raise network interfaces...
[[0;32m  OK  [0m] Started Raise network interfaces.
         Starting Initial cloud-init job (metadata service crawler)...
[[0;32m  OK  [0m] Reached target Network.
[   17.153696] cloud-init[933]: Cloud-init v. 18.5-21-g8ee294d5-0ubuntu1~16.04.1 running 'init' at Mon, 08 Jul 2019 09:37:35 +0000. Up 15.43 seconds.
[   17.177007] cloud-init[933]: ci-info: ++++++++++++++++++++++++++++++++++++++Net device info+++++++++++++++++++++++++++++++++++++++
[   17.186988] cloud-init[933]: ci-info: +--------+-------+----------------------------+---------------+--------+-------------------+
[   17.196932] cloud-init[933]: ci-info: | Device |   Up  |          Address           |      Mask     | Scope  |     Hw-Address    |
[   17.207251] cloud-init[933]: ci-info: +--------+-------+----------------------------+---------------+--------+-------------------+
[[   17.207597] cloud-init[933]: ci-info: | enp0s3 |  True |         10.0.2.15          | 255.255.255.0 | global | 02:d2:eb:b6:4d:8b |
[0;32m  OK  [0m[   17.209833] cloud-init[933]: ci-info: | enp0s3 |  True | fe80::d2:ebff:feb6:4d8b/64 |       .       |  link  | 02:d2:eb:b6:4d:8b |
] Started Initial cloud-init job (metadata service crawler).
[   17.211113] cloud-init[933]: ci-info: | enp0s8 | False |             .              |       .       |   .    | 08:00:27:6b:9d:d8 |
[   17.233220] cloud-init[933]: ci-info: |   lo   |  True |         127.0.0.1          |   255.0.0.0   |  host  |         .         |
[   17.236652] cloud-init[933]: ci-info: |   lo   |  True |          ::1/128           |       .       |  host  |         .         |
[   17.240024] cloud-init[933]: ci-info: +--------+-------+----------------------------+---------------+--------+-------------------+
[   17.242533] cloud-init[933]: ci-info: +++++++++++++++++++++++++++Route IPv4 info++++++++++++++++++++++++++++
[[   17.242872] cloud-init[933]: ci-info: +-------+-------------+----------+---------------+-----------+-------+
[0;32m  OK  [0m[   17.244708] cloud-init[933]: ci-info: | Route | Destination | Gateway  |    Genmask    | Interface | Flags |
] [   17.246383] cloud-init[933]: ci-info: +-------+-------------+----------+---------------+-----------+-------+
Reached target Cloud-config availability.
[[0;32m  OK  [0m] Reached target System Initialization.
[[0;32m  OK  [0m] Started Daily Cleanup of Temporary Directories.
[[0;32m  OK  [0m] Listening on D-Bus System Message Bus Socket.
[   17.247701] cloud-init[933]: ci-info: |   0   |   0.0.0.0   | 10.0.2.2 |    0.0.0.0    |   enp0s3  |   UG  |
[[0;32m  OK  [0m] Started ACPI Events Check.
[[0;32m  OK  [0m] Reached target Paths.
[[0;32m  OK  [0m] Listening on ACPID Listen Socket.
[   17.271037] cloud-init[933]: ci-info: |   1   |   10.0.2.0  | 0.0.0.0  | 255.255.255.0 |   enp0s3  |   U   |
[   17.279276] cloud-init[933]: ci-info: +-------+-------------+----------+---------------+-----------+-------+
[   17.284222] cloud-init[933]: ci-info: +++++++++++++++++++Route IPv6 info+++++++++++++++++++
[   17.284365] cloud-init[933]: ci-info: +-------+-------------+---------+-----------+-------+
[   17.284576] cloud-init[933]: ci-info: | Route | Destination | Gateway | Interface | Flags |
[   17.284653] cloud-init[933]: ci-info: +-------+-------------+---------+-----------+-------+
[   17.284726] cloud-init[933]: ci-info: |   0   |  fe80::/64  |    ::   |   enp0s3  |   U   |
[   17.284819] cloud-init[933]: ci-info: |   3   |   ff00::/8  |    ::   |   enp0s3  |   U   |
[   17.284893] cloud-init[933]: ci-info: +-------+-------------+---------+-----------+-------+
[   17.284967] cloud-init[933]: Generating public/private rsa key pair.
[   17.285044] cloud-init[933]: Your identification has been saved in /etc/ssh/ssh_host_rsa_key.
[   17.285145] cloud-init[933]: Your public key has been saved in /etc/ssh/ssh_host_rsa_key.pub.
[   17.285221] cloud-init[933]: The key fingerprint is:
[   17.285296] cloud-init[933]: SHA256:Z1N6bLxvaIlRrs4XDz/UmOhHkC/+359r1qot+GsT+c8 root@ubuntu-xenial
[   17.285370] cloud-init[933]: The key's randomart image is:
[   17.285443] cloud-init[933]: +---[RSA 2048]----+
[   17.285517] cloud-init[933]: |                 |
[   17.285589] cloud-init[933]: |                 |
[   17.285662] cloud-init[933]: |            ..   |
[   17.285735] cloud-init[933]: |           =+    |
[   17.285807] cloud-init[933]: |        S =o== + |
[   17.285884] cloud-init[933]: |         o.+O.* .|
[   17.285959] cloud-init[933]: |           B.&  .|
[   17.286032] cloud-init[933]: |         .+ @oB++|
[   17.286109] cloud-init[933]: |         .o=+OBBE|
[   17.286182] cloud-init[933]: +----[SHA256]-----+
[   17.286255] cloud-init[933]: Generating public/private dsa key pair.
[   17.286329] cloud-init[933]: Your identification has been saved in /etc/ssh/ssh_host_dsa_key.
[   17.286402] cloud-init[933]: Your public key has been saved in /etc/ssh/ssh_host_dsa_key.pub.
[   17.286479] cloud-init[933]: The key fingerprint is:
[   17.286553] cloud-init[933]: SHA256:9/1Rf1VmGl3gEHksS1zkQ4eVxpFIax5584u7zKih4EE root@ubuntu-xenial
[   17.286626] cloud-init[933]: The key's randomart image is:
[   17.286700] cloud-init[933]: +---[DSA 1024]----+
[   17.286772] cloud-init[933]: |           .+BB=B|
[   17.286845] cloud-init[933]: |            =**B.|
[   17.286928] cloud-init[933]: |           . O*o=|
[   17.287002] cloud-init[933]: |            + o*+|
[   17.287075] cloud-init[933]: |     E  S .  .. +|
[   17.287148] cloud-init[933]: |    .    . . .. =|
[   17.287220] cloud-init[933]: |     o   .  ...oo|
[   17.287295] cloud-init[933]: |    . o . . + ..o|
[   17.287372] cloud-init[933]: |     . . ... =. .|
[   17.287444] cloud-init[933]: +----[SHA256]-----+
[   17.287518] cloud-init[933]: Generating public/private ecdsa key pair.
[   17.287591] cloud-init[933]: Your identification has been saved in /etc/ssh/ssh_host_ecdsa_key.
[   17.287665] cloud-init[933]: Your public key has been saved in /etc/ssh/ssh_host_ecdsa_key.pub.
[   17.287738] cloud-init[933]: The key fingerprint is:
[   17.287814] cloud-init[933]: SHA256:N1mXrrzF7Cgu1BeTVIUsm3vIjFLZyFEs8Lb+9dlb/c4 root@ubuntu-xenial
[   17.287888] cloud-init[933]: The key's randomart image is:
[   17.287960] cloud-init[933]: +---[ECDSA 256]---+
[[0;32m  OK  [0m] Listening on UUID daemon activation socket.
[   17.288110] cloud-init[933]: |        .. o.o.o.|
[   17.331668] cloud-init[933]: |         .o + o. |
[   17.332925] cloud-init[933]: |         .oB.=o  |
[   17.334137] cloud-init[933]: |         .=+Bo   |
[   17.335388] cloud-init[933]: |        So=+ =.  |
         Starting LXD - unix socket.
[   17.366751] cloud-init[933]: |        oooo*+. .|
[   17.369938] cloud-init[933]: |       . ...o.= o|
         Starting Socket activation for snappy daemon.
[[0;32m  OK  [0m] Started Daily apt download activities.
[[0;32m  OK  [0m] Started Daily apt upgrade and clean activities.
[[0;32m  OK  [0m] Reached target Timers.
[[0;32m  OK  [0m] Reached target Network is Online.
[   17.371689] cloud-init[933]: |        . .. * o=|
[   17.380325] cloud-init[933]: |         o..+ .+E|
[   17.381593] cloud-init[933]: +----[SHA256]-----+
[   17.382827] cloud-init[933]: Generating public/private ed25519 key pair.
[   17.384428] cloud-init[933]: Your identification has been saved in /etc/ssh/ssh_host_ed25519_key.
[   17.386351] cloud-init[933]: Your public key has been saved in /etc/ssh/ssh_host_ed25519_key.pub.
         Starting iSCSI initiator daemon (iscsid)...
[[0;32m  OK  [0m] Listening on LXD - unix socket.
[[0;32m  OK  [0m] Listening on Socket activation for snappy daemon.
[[0;32m  OK  [0m] Reached target Sockets.
[[0;32m  OK  [0m] Reached target Basic System.
[   17.388453] cloud-init[933]: The key fingerprint is:
[   17.421047] cloud-init[933]: SHA256:2mgmwRl1J/VY8BOrmTrNLC06Y/KTliNYE9wYlGbl4Qo root@ubuntu-xenial
[   17.424914]          Starting LXD - container startup/shutdown...
cloud-init[933]: The key's randomart image is:
[   17.428313] cloud-init[933]: +--[ED25519 256]--+
[   17.430744] cloud-init[933]: |   ..o+ o.+.o    |
[   17.433196] cloud-init[933]: |    =+ o o = o   |
[   17.436557] cloud-init[933]: |  E+.+o   . =    |
[   17.438200] cloud-init[933]: |   o++.    + .   |
[   17.439831] cloud-init[933]: |    =.  S +      |
[   17.441497] cloud-init[933]: |    o. + *       |
[   17.443136] cloud-init[933]: |   o..=o* =      |
[   17.447520] cloud-init[933]: |  . o+X. +       |
[   17.449026] cloud-init[933]: |     *o=         |
[   17.451119] cloud-init[933]: +----[SHA256]-----+
         Starting Pollinate to seed the pseudo random number generator...
[[0;32m  OK  [0m] Started ACPI event daemon.
         Starting LSB: MD monitoring daemon...
         Starting /etc/rc.local Compatibility...
[[0;32m  OK  [0m] Started Deferred execution scheduler.
         Starting Accounts Service...
         Starting Login Service...
         Starting LSB: Record successful boot for GRUB...
         Starting Virtualbox guest utils...
[[0;32m  OK  [0m] Started Unattended Upgrades Shutdown.
[[0;32m  OK  [0m] Started Regular background program processing daemon.
         Starting System Logging Service...
[[0;32m  OK  [0m] Started D-Bus System Message Bus.
         Starting Snappy daemon...
[[0;32m  OK  [0m] Started FUSE filesystem for LXC.
[[0;32m  OK  [0m] Started System Logging Service.
[[0;32m  OK  [0m] Started /etc/rc.local Compatibility.
[[0;32m  OK  [0m] Started Login Service.
[[0;32m  OK  [0m] Started iSCSI initiator daemon (iscsid).
         Starting Login to default iSCSI targets...
[[0;32m  OK  [0m] Started LSB: Record successful boot for GRUB.
[[0;32m  OK  [0m] Started LSB: MD monitoring daemon.
         Starting Authenticate and Authorize Users to Run Privileged Tasks...
[[0;32m  OK  [0m] Started Login to default iSCSI targets.
[[0;32m  OK  [0m] Reached target Remote File Systems (Pre).
[[0;32m  OK  [0m] Reached target Remote File Systems.
         Starting LSB: Set the CPU Frequency Scaling governor to "ondemand"...
         Starting Permit User Sessions...
         Starting LSB: automatic crash report generation...
         Starting LSB: daemon to balance interrupts for SMP systems...
[[0;32m  OK  [0m] Started LSB: Set the CPU Frequency Scaling governor to "ondemand".
[[0;32m  OK  [0m] Started Permit User Sessions.
         Starting Hold until boot process finishes up...
         Starting Terminate Plymouth Boot Screen...
[[0;32m  OK  [0m] Started Hold until boot process finishes up.
[[0;32m  OK  [0m] Started Terminate Plymouth Boot Screen.
[[0;32m  OK  [0m] Started Serial Getty on ttyS0.
[[0;32m  OK  [0m] Started Getty on tty1.
[[0;32m  OK  [0m] Reached target Login Prompts.
         Starting Set console scheme...
[[0;32m  OK  [0m] Started LSB: daemon to balance interrupts for SMP systems.
[[0;32m  OK  [0m] Started LSB: automatic crash report generation.
[[0;32m  OK  [0m] Started Set console scheme.
[[0;32m  OK  [0m] Started Virtualbox guest utils.
[[0;32m  OK  [0m] Started Authenticate and Authorize Users to Run Privileged Tasks.
[[0;32m  OK  [0m] Started Accounts Service.
[[0;32m  OK  [0m] Started LXD - container startup/shutdown.
[[0;32m  OK  [0m] Started Snappy daemon.
         Starting Wait until snapd is fully seeded...
[[0;32m  OK  [0m] Started Pollinate to seed the pseudo random number generator.
         Starting OpenBSD Secure Shell server...
[[0;32m  OK  [0m] Started OpenBSD Secure Shell server.
[[0;32m  OK  [0m] Created slice User Slice of vagrant.
         Starting User Manager for UID 1000...
[[0;32m  OK  [0m] Started Session 1 of user vagrant.
[[0;32m  OK  [0m] Started User Manager for UID 1000.
[   25.254847] cloud-init[1372]: Generating locales (this might take a while)...

Ubuntu 16.04.6 LTS ubuntu-xenial ttyS0

ubuntu-xenial login: [   26.467117] cloud-init[1372]:   en_US.UTF-8... done
[   26.470252] cloud-init[1372]: Generation complete.
[   27.462774] cloud-init[1372]: Cloud-init v. 18.5-21-g8ee294d5-0ubuntu1~16.04.1 running 'modules:config' at Mon, 08 Jul 2019 09:37:44 +0000. Up 25.02 seconds.
ci-info: no authorized ssh keys fingerprints found for user ubuntu.
<14>Jul  8 09:37:47 ec2: 
<14>Jul  8 09:37:47 ec2: #############################################################
<14>Jul  8 09:37:47 ec2: -----BEGIN SSH HOST KEY FINGERPRINTS-----
<14>Jul  8 09:37:47 ec2: 1024 SHA256:9/1Rf1VmGl3gEHksS1zkQ4eVxpFIax5584u7zKih4EE root@ubuntu-xenial (DSA)
<14>Jul  8 09:37:47 ec2: 256 SHA256:N1mXrrzF7Cgu1BeTVIUsm3vIjFLZyFEs8Lb+9dlb/c4 root@ubuntu-xenial (ECDSA)
<14>Jul  8 09:37:47 ec2: 256 SHA256:2mgmwRl1J/VY8BOrmTrNLC06Y/KTliNYE9wYlGbl4Qo root@ubuntu-xenial (ED25519)
<14>Jul  8 09:37:47 ec2: 2048 SHA256:Z1N6bLxvaIlRrs4XDz/UmOhHkC/+359r1qot+GsT+c8 root@ubuntu-xenial (RSA)
<14>Jul  8 09:37:47 ec2: -----END SSH HOST KEY FINGERPRINTS-----
<14>Jul  8 09:37:47 ec2: #############################################################
-----BEGIN SSH HOST KEY KEYS-----
ecdsa-sha2-nistp256 AAAAE2VjZHNhLXNoYTItbmlzdHAyNTYAAAAIbmlzdHAyNTYAAABBBL3IAHAiIJQjA4fdwLDZVxC8Zp9/I+YUGWPh/NorpYCInVe73MCiYcmN/nUBy3H9ny8xfDKRLBhvXdBk3FFmVVY= root@ubuntu-xenial
ssh-ed25519 AAAAC3NzaC1lZDI1NTE5AAAAIHCp/mX8Z1PUWLUtqIGDfXpagpYrBp87p6PKD2G80Jh2 root@ubuntu-xenial
ssh-rsa AAAAB3NzaC1yc2EAAAADAQABAAABAQC1dE3YT0GCXHUHnDG6gBI9KXXAnvCcYdX85qFqRw8QzG99r6GJsTbxC/tgtycZ9LOLA4Vo1tsi5wnPDKPWov9G6x0nGGcvy5sJYWbR1oJapNZ6yvH0jFOOWKyvvwclJLiBTiFhz+4TjBriuIYwvmuCfH5FlXv+30d00+DdHKLjo9PreZR0fQeoc9Nw/kPvnk+Cd4UUQnaiGiZPPCK4SGtvh8nsDk8g+0aOHZsWzw8ut/sNbpBiS8Vn+s3jz7c0F2dmYbI53t0DJQmaYABwbH5J2WnOyPKP6cjDx3sww+D1ho7XChg82K0kgBP5Lu0zvHsL4sFRxPZoi7QlnJmORmvR root@ubuntu-xenial
-----END SSH HOST KEY KEYS-----
[   28.251789] cloud-init[1478]: Cloud-init v. 18.5-21-g8ee294d5-0ubuntu1~16.04.1 running 'modules:final' at Mon, 08 Jul 2019 09:37:47 +0000. Up 27.97 seconds.
[   28.252279] cloud-init[1478]: ci-info: no authorized ssh keys fingerprints found for user ubuntu.
[   28.252595] cloud-init[1478]: Cloud-init v. 18.5-21-g8ee294d5-0ubuntu1~16.04.1 finished at Mon, 08 Jul 2019 09:37:47 +0000. Datasource DataSourceNoCloud [seed=/dev/sdb][dsmode=net].  Up 28.22 seconds
